Arguments: 
  /Users/patrikkozak/.nvm/versions/node/v16.14.0/bin/node /Users/patrikkozak/.yarn/bin/yarn.js add next

PATH: 
  /Users/patrikkozak/.yarn/bin:/Users/patrikkozak/.config/yarn/global/node_modules/.bin:/Users/patrikkozak/.nvm/versions/node/v16.14.0/bin:/usr/local/bin:/usr/bin:/bin:/usr/sbin:/sbin:/Users/patrikkozak/.yarn/bin:/Users/patrikkozak/.config/yarn/global/node_modules/.bin:/Users/patrikkozak/.nvm/versions/node/v16.14.0/bin

Yarn version: 
  1.22.19

Node version: 
  16.14.0

Platform: 
  darwin x64

Trace: 
  Error: https://registry.yarnpkg.com/next/-/next-13.5.0.tgz: Request failed "404 Not Found"
      at ResponseError.ExtendableBuiltin (/Users/patrikkozak/.yarn/lib/cli.js:696:66)
      at new ResponseError (/Users/patrikkozak/.yarn/lib/cli.js:802:124)
      at Request.<anonymous> (/Users/patrikkozak/.yarn/lib/cli.js:66215:16)
      at Request.emit (node:events:520:28)
      at Request.module.exports.Request.onRequestResponse (/Users/patrikkozak/.yarn/lib/cli.js:141767:10)
      at ClientRequest.emit (node:events:520:28)
      at HTTPParser.parserOnIncomingClient (node:_http_client:618:27)
      at HTTPParser.parserOnHeadersComplete (node:_http_common:128:17)
      at HTTPParser.execute (<anonymous>)
      at TLSSocket.socketOnData (node:_http_client:482:22)

npm manifest: 
  {
    "name": "@payloadcms/template-website",
    "description": "Website template for Payload",
    "version": "1.0.0",
    "main": "dist/server.js",
    "license": "MIT",
    "scripts": {
      "dev": "cross-env PAYLOAD_CONFIG_PATH=src/payload/payload.config.ts nodemon",
      "seed": "rm -rf media && cross-env PAYLOAD_SEED=true PAYLOAD_DROP_DATABASE=true PAYLOAD_CONFIG_PATH=src/payload/payload.config.ts ts-node src/server.ts",
      "build:payload": "cross-env PAYLOAD_CONFIG_PATH=src/payload/payload.config.ts payload build",
      "build:server": "tsc --project tsconfig.server.json",
      "build:next": "cross-env PAYLOAD_CONFIG_PATH=dist/payload/payload.config.js NEXT_BUILD=true node dist/server.js",
      "build": "cross-env NODE_ENV=production yarn build:payload && yarn build:server && yarn copyfiles && yarn build:next",
      "serve": "cross-env PAYLOAD_CONFIG_PATH=dist/payload/payload.config.js NODE_ENV=production node dist/server.js",
      "eject": "yarn remove next react react-dom @next/eslint-plugin-next && ts-node eject.ts",
      "copyfiles": "copyfiles -u 1 \"src/**/*.{html,css,scss,ttf,woff,woff2,eot,svg,jpg,png}\" dist/",
      "generate:types": "cross-env PAYLOAD_CONFIG_PATH=src/payload/payload.config.ts payload generate:types",
      "generate:graphQLSchema": "PAYLOAD_CONFIG_PATH=src/payload/payload.config.ts payload generate:graphQLSchema",
      "lint": "eslint src",
      "lint:fix": "eslint --fix --ext .ts,.tsx src"
    },
    "dependencies": {
      "@payloadcms/plugin-cloud": "^2.0.0",
      "@payloadcms/plugin-form-builder": "^1.0.13",
      "@payloadcms/plugin-nested-docs": "^1.0.4",
      "@payloadcms/plugin-redirects": "^1.0.0",
      "@payloadcms/plugin-seo": "^1.0.10",
      "cross-env": "^7.0.3",
      "dotenv": "^8.2.0",
      "express": "^4.17.1",
      "next": "^13.4.8",
      "payload": "latest",
      "payload-admin-bar": "^1.0.6",
      "react": "^18.2.0",
      "react-dom": "^18.2.0",
      "react-hook-form": "^7.45.1"
    },
    "devDependencies": {
      "@next/eslint-plugin-next": "^13.1.6",
      "@payloadcms/eslint-config": "^0.0.1",
      "@types/express": "^4.17.9",
      "@types/node": "18.11.3",
      "@types/react": "18.0.21",
      "@typescript-eslint/eslint-plugin": "^5.51.0",
      "@typescript-eslint/parser": "^5.51.0",
      "copyfiles": "^2.4.1",
      "eslint": "^8.19.0",
      "eslint-config-prettier": "^8.5.0",
      "eslint-import-resolver-alias": "^1.1.2",
      "eslint-plugin-filenames": "^1.3.2",
      "eslint-plugin-import": "2.25.4",
      "eslint-plugin-prettier": "^4.0.0",
      "eslint-plugin-react-hooks": "^4.6.0",
      "eslint-plugin-simple-import-sort": "^10.0.0",
      "nodemon": "^2.0.6",
      "prettier": "^2.7.1",
      "ts-node": "^10.9.1",
      "typescript": "^4.8.4"
    }
  }

yarn manifest: 
  No manifest

Lockfile: 
  No lockfile
